[0.096s] Invoking command in '/home/pi/ams_ws/build/ros2_control_ams': CMAKE_PREFIX_PATH=/opt/ros/humble /usr/bin/cmake --build /home/pi/ams_ws/build/ros2_control_ams -- -j4 -l4
[0.272s] [35m[1mConsolidate compiler generated dependencies of target ros2_control_ams[0m
[0.358s] [ 50%] [32mBuilding CXX object CMakeFiles/ros2_control_ams.dir/hardware/ams_actuator.cpp.o[0m
[0.417s] [01m[K/home/pi/ams_ws/src/ams_description/hardware/ams_actuator.cpp:2:10:[m[K [01;31m[Kfatal error: [m[Kros2_control_ams/rrbot_actuator.hpp: No such file or directory
[0.417s]     2 | #include [01;31m[K"ros2_control_ams/rrbot_actuator.hpp"[m[K
[0.418s]       |          [01;31m[K^~~~~~~~~~~~~~~~~~~~~~~~~~~~~~~~~~~~~[m[K
[0.418s] compilation terminated.
[0.420s] gmake[2]: *** [CMakeFiles/ros2_control_ams.dir/build.make:76: CMakeFiles/ros2_control_ams.dir/hardware/ams_actuator.cpp.o] Error 1
[0.421s] gmake[1]: *** [CMakeFiles/Makefile2:137: CMakeFiles/ros2_control_ams.dir/all] Error 2
[0.422s] gmake: *** [Makefile:146: all] Error 2
[0.428s] Invoked command in '/home/pi/ams_ws/build/ros2_control_ams' returned '2': CMAKE_PREFIX_PATH=/opt/ros/humble /usr/bin/cmake --build /home/pi/ams_ws/build/ros2_control_ams -- -j4 -l4
